<?xml version="1.0" encoding="UTF-8"?>
<!-- Generated by org.testng.reporters.JUnitXMLReporter -->
<testsuite ignored="0" hostname="DESKTOP-35NBQPM" failures="0" tests="3" name="Default test" time="18.289" errors="0" timestamp="2020-09-24T23:28:28 MSK">
  <testcase classname="popat.Tests" name="logoPresens" time="0.326"/>
  <testcase classname="popat.Tests" name="loginTest" time="1.105"/>
  <testcase classname="popat.Tests" name="registrationTest" time="9.064"/>
</testsuite> <!-- Default test -->
