<?xml version="1.0" encoding="UTF-8"?>
<testng-results ignored="0" total="1" passed="1" failed="0" skipped="0">
  <reporter-output>
  </reporter-output>
  <suite started-at="2020-09-29T13:44:37 MSK" name="Default suite" finished-at="2020-09-29T13:44:55 MSK" duration-ms="18004">
    <groups>
    </groups>
    <test started-at="2020-09-29T13:44:37 MSK" name="Default test" finished-at="2020-09-29T13:44:55 MSK" duration-ms="18004">
      <class name="popat.Tests">
        <test-method is-config="true" signature="setup()[pri:0, instance:popat.Tests@3224a577]" started-at="2020-09-29T13:44:37 MSK" name="setup" finished-at="2020-09-29T13:44:44 MSK" duration-ms="6787" status="PASS">
          <reporter-output>
          </reporter-output>
        </test-method> <!-- setup -->
        <test-method signature="clickEmail()[pri:1, instance:popat.Tests@3224a577]" started-at="2020-09-29T13:44:44 MSK" name="clickEmail" description="Check sending message" finished-at="2020-09-29T13:44:55 MSK" duration-ms="11098" status="PASS">
          <reporter-output>
          </reporter-output>
        </test-method> <!-- clickEmail -->
        <test-method is-config="true" signature="tesrDown()[pri:0, instance:popat.Tests@3224a577]" started-at="2020-09-29T13:44:55 MSK" name="tesrDown" finished-at="2020-09-29T13:44:55 MSK" duration-ms="47" status="PASS">
          <reporter-output>
          </reporter-output>
        </test-method> <!-- tesrDown -->
      </class> <!-- popat.Tests -->
    </test> <!-- Default test -->
  </suite> <!-- Default suite -->
</testng-results>
